<?xml version="1.0" encoding="UTF-8"?>
<!-- Generated by org.testng.reporters.JUnitReportReporter -->
<testsuite hostname="DESKTOP-7NBB53I" failures="0" tests="3" name="day25.Demo4" time="0.052" errors="0" timestamp="2024-01-01T21:37:33 IST" skipped="0">
  <testcase classname="day25.Demo4" name="testA" time="0.003"/>
  <system-out>
    <![CDATA[A2 - B2]]>
  </system-out>
  <testcase classname="day25.Demo4" name="testA" time="0.018"/>
  <system-out>
    <![CDATA[A1 - B1]]>
  </system-out>
  <testcase classname="day25.Demo4" name="testA" time="0.031"/>
  <system-out>
    <![CDATA[A3 - B3]]>
  </system-out>
</testsuite> <!-- day25.Demo4 -->
