<?xml version="1.0" encoding="UTF-8"?>
<!-- Generated by org.testng.reporters.JUnitReportReporter -->
<testsuite hostname="DESKTOP-7NBB53I" failures="0" tests="1" name="day24.Demo2" time="0.018" errors="0" timestamp="2024-01-01T21:30:40 IST" skipped="0">
  <testcase classname="day24.Demo2" name="testA" time="0.018"/>
  <system-out/>
</testsuite> <!-- day24.Demo2 -->
