<?xml version="1.0" encoding="UTF-8"?>
<!-- Generated by org.testng.reporters.JUnitReportReporter -->
<testsuite hostname="DESKTOP-7NBB53I" failures="0" tests="1" name="day25.DemoB" time="0.015" errors="0" timestamp="2024-01-01T21:41:44 IST" skipped="0">
  <testcase classname="day25.DemoB" name="testB" time="0.015"/>
  <system-out>
    <![CDATA[@TestB]]>
  </system-out>
</testsuite> <!-- day25.DemoB -->
