<?xml version="1.0" encoding="UTF-8"?>
<!-- Generated by org.testng.reporters.JUnitReportReporter -->
<testsuite hostname="DESKTOP-7NBB53I" failures="0" tests="2" name="day27.Demo3" time="64.357" errors="0" timestamp="2024-01-02T16:25:50 IST" skipped="0">
  <testcase classname="day27.Demo3" name="testA" time="38.666"/>
  <system-out>
    <![CDATA[firefox]]>
  </system-out>
  <testcase classname="day27.Demo3" name="testA" time="25.691"/>
  <system-out>
    <![CDATA[chrome]]>
  </system-out>
</testsuite> <!-- day27.Demo3 -->
