<?xml version="1.0" encoding="UTF-8"?>
<!-- Generated by org.testng.reporters.JUnitReportReporter -->
<testsuite hostname="DESKTOP-7NBB53I" failures="0" tests="1" name="day25.DemoC" time="0.010" errors="0" timestamp="2024-01-01T21:42:13 IST" skipped="0">
  <testcase classname="day25.DemoC" name="testC" time="0.010"/>
  <system-out>
    <![CDATA[@TestC]]>
  </system-out>
</testsuite> <!-- day25.DemoC -->
