<?xml version="1.0" encoding="UTF-8"?>
<!-- Generated by org.testng.reporters.JUnitReportReporter -->
<testsuite hostname="DESKTOP-7NBB53I" failures="0" tests="1" name="day25.Demo8" time="0.006" errors="0" timestamp="2023-02-08T08:48:04 IST" skipped="0">
  <testcase classname="day25.Demo8" name="testB" time="0.006"/>
  <system-out>
    <![CDATA[TestB...]]>
  </system-out>
</testsuite> <!-- day25.Demo8 -->
