<?xml version="1.0" encoding="UTF-8"?>
<!-- Generated by org.testng.reporters.JUnitReportReporter -->
<testsuite hostname="DESKTOP-7NBB53I" failures="0" tests="3" name="day26.Demo2" time="0.024" errors="0" timestamp="2024-01-02T15:24:22 IST" skipped="0">
  <testcase classname="day26.Demo2" name="registerUser" time="0.004"/>
  <system-out>
    <![CDATA[registerUser]]>
  </system-out>
  <testcase classname="day26.Demo2" name="deleteUser" time="0.017"/>
  <system-out>
    <![CDATA[deleteUser]]>
  </system-out>
  <testcase classname="day26.Demo2" name="editUser" time="0.003"/>
  <system-out>
    <![CDATA[editUser]]>
  </system-out>
</testsuite> <!-- day26.Demo2 -->
