<?xml version="1.0" encoding="UTF-8"?>
<!-- Generated by org.testng.reporters.JUnitReportReporter -->
<testsuite hostname="DESKTOP-7NBB53I" failures="0" tests="1" name="day25.Demo7" time="0.022" errors="0" timestamp="2024-01-01T21:39:41 IST" skipped="0">
  <testcase classname="day25.Demo7" name="testA" time="0.022"/>
  <system-out>
    <![CDATA[TestA...]]>
  </system-out>
</testsuite> <!-- day25.Demo7 -->
