<?xml version="1.0" encoding="UTF-8"?>
<!-- Generated by org.testng.reporters.JUnitReportReporter -->
<testsuite hostname="DESKTOP-7NBB53I" failures="0" tests="3" name="day25.Demo1" time="0.054" errors="0" timestamp="2024-01-01T21:35:00 IST" skipped="0">
  <testcase classname="day25.Demo1" name="testA" time="0.004"/>
  <system-out>
    <![CDATA[Hi]]>
  </system-out>
  <testcase classname="day25.Demo1" name="testA" time="0.002"/>
  <system-out>
    <![CDATA[Hi]]>
  </system-out>
  <testcase classname="day25.Demo1" name="testA" time="0.048"/>
  <system-out>
    <![CDATA[Hi]]>
  </system-out>
</testsuite> <!-- day25.Demo1 -->
