<?xml version="1.0" encoding="UTF-8"?>
<!-- Generated by org.testng.reporters.JUnitReportReporter -->
<testsuite hostname="DESKTOP-7NBB53I" failures="0" tests="3" name="day25.Demo5" time="0.031" errors="0" timestamp="2024-01-01T21:38:01 IST" skipped="0">
  <testcase classname="day25.Demo5" name="f" time="0.011"/>
  <system-out>
    <![CDATA[create customer]]>
  </system-out>
  <testcase classname="day25.Demo5" name="g" time="0.005"/>
  <system-out>
    <![CDATA[edit customer]]>
  </system-out>
  <testcase classname="day25.Demo5" name="g" time="0.015"/>
  <system-out>
    <![CDATA[edit customer]]>
  </system-out>
</testsuite> <!-- day25.Demo5 -->
