<?xml version="1.0" encoding="UTF-8"?>
<!-- Generated by org.testng.reporters.JUnitReportReporter -->
<testsuite hostname="DESKTOP-7NBB53I" failures="0" tests="3" name="day25.Demo3" time="0.017" errors="0" timestamp="2024-01-01T21:36:33 IST" skipped="0">
  <testcase classname="day25.Demo3" name="testA" time="0.013"/>
  <system-out>
    <![CDATA[A1 - B1]]>
  </system-out>
  <testcase classname="day25.Demo3" name="testA" time="0.002"/>
  <system-out>
    <![CDATA[A3 - B3]]>
  </system-out>
  <testcase classname="day25.Demo3" name="testA" time="0.002"/>
  <system-out>
    <![CDATA[A2 - B2]]>
  </system-out>
</testsuite> <!-- day25.Demo3 -->
