<?xml version="1.0" encoding="UTF-8"?>
<!-- Generated by org.testng.reporters.JUnitReportReporter -->
<testsuite hostname="DESKTOP-7NBB53I" failures="0" tests="1" name="day26.Demo9" time="12.544" errors="0" timestamp="2024-01-02T15:51:06 IST" skipped="0">
  <testcase classname="day26.Demo9" name="testA" time="12.544"/>
  <system-out>
    <![CDATA[Google]]>
  </system-out>
</testsuite> <!-- day26.Demo9 -->
