<?xml version="1.0" encoding="UTF-8"?>
<!-- Generated by org.testng.reporters.JUnitReportReporter -->
<testsuite hostname="DESKTOP-7NBB53I" failures="0" tests="2" name="day25.Demo9" time="0.015" errors="0" timestamp="2024-01-01T21:40:23 IST" skipped="0">
  <testcase classname="day25.Demo9" name="testB" time="0.002"/>
  <system-out>
    <![CDATA[@TestB]]>
  </system-out>
  <testcase classname="day25.Demo9" name="testA" time="0.013"/>
  <system-out>
    <![CDATA[@TestA]]>
  </system-out>
</testsuite> <!-- day25.Demo9 -->
