<?xml version="1.0" encoding="UTF-8"?>
<!-- Generated by org.testng.reporters.JUnitReportReporter -->
<testsuite hostname="DESKTOP-7NBB53I" failures="0" tests="2" name="day27.Demo1" time="56.215" errors="0" timestamp="2024-01-02T16:13:25 IST" skipped="0">
  <testcase classname="day27.Demo1" name="testA" time="24.057"/>
  <system-out>
    <![CDATA[chrome]]>
  </system-out>
  <testcase classname="day27.Demo1" name="testA" time="32.158"/>
  <system-out>
    <![CDATA[firefox]]>
  </system-out>
</testsuite> <!-- day27.Demo1 -->
