<?xml version="1.0" encoding="UTF-8"?>
<!-- Generated by org.testng.reporters.JUnitReportReporter -->
<testsuite hostname="DESKTOP-7NBB53I" failures="0" tests="1" name="day24.Demo3" time="0.029" errors="0" timestamp="2024-01-01T21:31:05 IST" skipped="0">
  <testcase classname="day24.Demo3" name="testB" time="0.029"/>
  <system-out/>
</testsuite> <!-- day24.Demo3 -->
