<?xml version="1.0" encoding="UTF-8"?>
<!-- Generated by org.testng.reporters.JUnitReportReporter -->
<testsuite hostname="DESKTOP-7NBB53I" failures="0" tests="1" name="day26.Demo8" time="0.016" errors="0" timestamp="2024-01-02T15:47:02 IST" skipped="0">
  <testcase classname="day26.Demo8" name="testA" time="0.016"/>
  <system-out>
    <![CDATA[banglore 123456]]>
  </system-out>
</testsuite> <!-- day26.Demo8 -->
