<?xml version="1.0" encoding="UTF-8"?>
<!-- Generated by org.testng.reporters.JUnitReportReporter -->
<testsuite hostname="DESKTOP-7NBB53I" failures="0" tests="3" name="day25.Demo2" time="0.022" errors="0" timestamp="2024-01-01T21:35:40 IST" skipped="0">
  <testcase classname="day25.Demo2" name="testA" time="0.020"/>
  <system-out>
    <![CDATA[Amit]]>
  </system-out>
  <testcase classname="day25.Demo2" name="testA" time="0.001"/>
  <system-out>
    <![CDATA[Chandana]]>
  </system-out>
  <testcase classname="day25.Demo2" name="testA" time="0.001"/>
  <system-out>
    <![CDATA[Bhanu]]>
  </system-out>
</testsuite> <!-- day25.Demo2 -->
