<?xml version="1.0" encoding="UTF-8"?>
<!-- Generated by org.testng.reporters.JUnitReportReporter -->
<testsuite hostname="DESKTOP-7NBB53I" failures="0" tests="1" name="day24.Demo4" time="0.016" errors="0" timestamp="2024-01-01T21:31:40 IST" skipped="0">
  <testcase classname="day24.Demo4" name="testA" time="0.016"/>
  <system-out>
    <![CDATA[2.Executing testA() of Demo4
3.Executing testA() of Demo4
4.Executing testA() of Demo4]]>
  </system-out>
</testsuite> <!-- day24.Demo4 -->
